<?xml version="1.0" encoding="UTF-8"?>
<!-- Generated by org.testng.reporters.JUnitReportReporter -->
<testsuite skipped="0" hostname="M3106868" name="com.Imap.TestCases.TC_LoginTestCase_001" tests="1" failures="0" timestamp="2020-02-05T16:15:34 IST" time="1.512" errors="0">
  <testcase name="logintest" time="1.512" classname="com.Imap.TestCases.TC_LoginTestCase_001"/>
</testsuite> <!-- com.Imap.TestCases.TC_LoginTestCase_001 -->
